<?xml version="1.0" encoding="UTF-8"?>
<!-- Generated by org.testng.reporters.JUnitReportReporter -->
<testsuite hostname="DESKTOP-FD23D29" failures="0" tests="1" name="testcases.ManageFooterTest" time="12.616" errors="0" timestamp="2025-01-13T15:36:43 IST" skipped="0">
  <testcase classname="testcases.ManageFooterTest" name="managefootertext" time="12.616"/>
</testsuite> <!-- testcases.ManageFooterTest -->
