<?xml version="1.0" encoding="UTF-8"?>
<!-- Generated by org.testng.reporters.JUnitReportReporter -->
<testsuite hostname="DESKTOP-FD23D29" failures="0" tests="1" name="testcases.ManageCategoryTest" time="28.592" errors="0" timestamp="2025-01-15T19:49:37 IST" skipped="0">
  <testcase classname="testcases.ManageCategoryTest" name="managecategory" time="28.592"/>
</testsuite> <!-- testcases.ManageCategoryTest -->
