<?xml version="1.0" encoding="UTF-8"?>
<!-- Generated by org.testng.reporters.JUnitReportReporter -->
<testsuite hostname="DESKTOP-FD23D29" failures="0" tests="1" name="testcases.ManageContactTest" time="13.444" errors="0" timestamp="2025-01-13T15:55:35 IST" skipped="0">
  <testcase classname="testcases.ManageContactTest" name="updateManageContactPage" time="13.444"/>
</testsuite> <!-- testcases.ManageContactTest -->
