<?xml version="1.0" encoding="UTF-8"?>
<!-- Generated by org.testng.reporters.JUnitReportReporter -->
<testsuite hostname="DESKTOP-FD23D29" failures="0" tests="3" name="testcases.ManageNewsTest" time="31.167" errors="0" timestamp="2025-01-13T15:39:04 IST" skipped="0">
  <testcase classname="testcases.ManageNewsTest" name="managenews" time="12.495"/>
  <testcase classname="testcases.ManageNewsTest" name="searchnews" time="8.295"/>
  <testcase classname="testcases.ManageNewsTest" name="resetNews" time="10.377"/>
</testsuite> <!-- testcases.ManageNewsTest -->
