<?xml version="1.0" encoding="UTF-8"?>
<!-- Generated by org.testng.reporters.JUnitReportReporter -->
<testsuite hostname="DESKTOP-FD23D29" failures="0" tests="2" name="testcases.CategoryTest" time="33.606" errors="0" timestamp="2025-01-20T10:19:03 IST" skipped="0">
  <testcase classname="testcases.CategoryTest" name="verifyCategoryButton" time="19.030"/>
  <testcase classname="testcases.CategoryTest" name="verifyAddnewManagecategoryDetails" time="14.576"/>
</testsuite> <!-- testcases.CategoryTest -->
