<?xml version="1.0" encoding="UTF-8"?>
<!-- Generated by org.testng.reporters.JUnitReportReporter -->
<testsuite hostname="DESKTOP-FD23D29" failures="0" tests="2" name="testcases.SubcategorytTest" time="24.152" errors="0" timestamp="2025-01-17T14:29:06 IST" skipped="0">
  <testcase classname="testcases.SubcategorytTest" name="verifyAddnewsubcategorywithvalidDetails" time="13.870"/>
  <testcase classname="testcases.SubcategorytTest" name="verifySubCategoryitemsearching" time="10.282"/>
</testsuite> <!-- testcases.SubcategorytTest -->
