<?xml version="1.0" encoding="UTF-8"?>
<!-- Generated by org.testng.reporters.JUnitReportReporter -->
<testsuite hostname="DESKTOP-FD23D29" failures="0" tests="1" name="testcases.ManageGiftCardsandVouchersTest" time="14.276" errors="0" timestamp="2025-01-13T15:37:54 IST" skipped="0">
  <testcase classname="testcases.ManageGiftCardsandVouchersTest" name="managegiftVouchers" time="14.276"/>
</testsuite> <!-- testcases.ManageGiftCardsandVouchersTest -->
