<?xml version="1.0" encoding="UTF-8"?>
<!-- Generated by org.testng.reporters.JUnitReportReporter -->
<testsuite hostname="DESKTOP-FD23D29" failures="0" tests="1" name="testcases.ManageCategoryTest" time="17.383" errors="0" timestamp="2025-01-14T04:27:17 IST" skipped="0">
  <testcase classname="testcases.ManageCategoryTest" name="managecategory" time="17.383"/>
</testsuite> <!-- testcases.ManageCategoryTest -->
