<?xml version="1.0" encoding="UTF-8"?>
<!-- Generated by org.testng.reporters.JUnitReportReporter -->
<testsuite hostname="DESKTOP-FD23D29" failures="0" tests="1" name="testcase.SubcategorytTest" time="21.430" errors="0" timestamp="2024-12-27T08:44:27 IST" skipped="0">
  <testcase classname="testcase.SubcategorytTest" name="clickonsubcategoryfield" time="21.430"/>
</testsuite> <!-- testcase.SubcategorytTest -->
