<?xml version="1.0" encoding="UTF-8"?>
<!-- Generated by org.testng.reporters.JUnitReportReporter -->
<testsuite hostname="DESKTOP-FD23D29" failures="0" tests="6" name="testcases.LoginPageTest" time="53.594" errors="0" timestamp="2025-01-17T10:38:42 IST" skipped="0">
  <testcase classname="testcases.LoginPageTest" name="loginWithInvalidUsernameAndValidPassword" time="5.691"/>
  <testcase classname="testcases.LoginPageTest" name="loginWithInvalidUsernameAndValidPassword" time="6.538"/>
  <testcase classname="testcases.LoginPageTest" name="loginWithValidUsernameAndInvalidPassword" time="9.510"/>
  <testcase classname="testcases.LoginPageTest" name="loginWithValidCredentials" time="9.439"/>
  <testcase classname="testcases.LoginPageTest" name="loginWithInvalidUsernameAndValidPassword" time="7.027"/>
  <testcase classname="testcases.LoginPageTest" name="loginWithInValidUsernameAndInvalidPassword" time="15.389"/>
</testsuite> <!-- testcases.LoginPageTest -->
